{"C:\\Users\\tdb00\\Documents\\ProjectMercury\\project-mercury-server\\Project-Mercury-Server\\src\\index.js": {"path":"C:\\Users\\tdb00\\Documents\\ProjectMercury\\project-mercury-server\\Project-Mercury-Server\\src\\index.js","statementMap":{"0":{"start":{"line":2,"column":12},"end":{"line":2,"column":21}},"1":{"start":{"line":3,"column":13},"end":{"line":3,"column":37}},"2":{"start":{"line":12,"column":0},"end":{"line":12,"column":9}},"3":{"start":{"line":14,"column":0},"end":{"line":17,"column":4}},"4":{"start":{"line":19,"column":0},"end":{"line":19,"column":16}},"5":{"start":{"line":22,"column":0},"end":{"line":22,"column":21}},"6":{"start":{"line":23,"column":0},"end":{"line":23,"column":22}},"7":{"start":{"line":24,"column":0},"end":{"line":24,"column":19}},"8":{"start":{"line":25,"column":0},"end":{"line":25,"column":28}},"9":{"start":{"line":29,"column":0},"end":{"line":29,"column":65}},"10":{"start":{"line":29,"column":23},"end":{"line":29,"column":63}}},"fnMap":{"0":{"name":"(anonymous_0)","decl":{"start":{"line":29,"column":17},"end":{"line":29,"column":18}},"loc":{"start":{"line":29,"column":23},"end":{"line":29,"column":63}},"line":29}},"branchMap":{"0":{"loc":{"start":{"line":3,"column":13},"end":{"line":3,"column":37}},"type":"binary-expr","locations":[{"start":{"line":3,"column":13},"end":{"line":3,"column":29}},{"start":{"line":3,"column":33},"end":{"line":3,"column":37}}],"line":3}},"s":{"0":2,"1":2,"2":2,"3":2,"4":2,"5":2,"6":2,"7":2,"8":2,"9":2,"10":1},"f":{"0":1},"b":{"0":[2,2]},"_coverageSchema":"1a1c01bbd47fc00a2c39e90264f33305004495a9","hash":"0014c67ce7607ad407dd12a20c1e4112ce587974"}
,"C:\\Users\\tdb00\\Documents\\ProjectMercury\\project-mercury-server\\Project-Mercury-Server\\src\\db\\db.js": {"path":"C:\\Users\\tdb00\\Documents\\ProjectMercury\\project-mercury-server\\Project-Mercury-Server\\src\\db\\db.js","statementMap":{"0":{"start":{"line":3,"column":17},"end":{"line":3,"column":20}},"1":{"start":{"line":6,"column":13},"end":{"line":12,"column":2}}},"fnMap":{},"branchMap":{},"s":{"0":3,"1":3},"f":{},"b":{},"_coverageSchema":"1a1c01bbd47fc00a2c39e90264f33305004495a9","hash":"8968ae33497bfe220d102f83e97c4fb8b2ed4b9a"}
,"C:\\Users\\tdb00\\Documents\\ProjectMercury\\project-mercury-server\\Project-Mercury-Server\\src\\db\\tables.js": {"path":"C:\\Users\\tdb00\\Documents\\ProjectMercury\\project-mercury-server\\Project-Mercury-Server\\src\\db\\tables.js","statementMap":{"0":{"start":{"line":3,"column":21},"end":{"line":71,"column":1}},"1":{"start":{"line":4,"column":2},"end":{"line":70,"column":3}},"2":{"start":{"line":6,"column":4},"end":{"line":14,"column":7}},"3":{"start":{"line":16,"column":4},"end":{"line":23,"column":7}},"4":{"start":{"line":25,"column":4},"end":{"line":33,"column":5}},"5":{"start":{"line":35,"column":4},"end":{"line":43,"column":9}},"6":{"start":{"line":45,"column":4},"end":{"line":54,"column":5}},"7":{"start":{"line":56,"column":4},"end":{"line":65,"column":3}},"8":{"start":{"line":69,"column":4},"end":{"line":69,"column":23}}},"fnMap":{"0":{"name":"(anonymous_0)","decl":{"start":{"line":3,"column":21},"end":{"line":3,"column":22}},"loc":{"start":{"line":3,"column":33},"end":{"line":71,"column":1}},"line":3}},"branchMap":{},"s":{"0":2,"1":2,"2":2,"3":2,"4":2,"5":2,"6":2,"7":2,"8":0},"f":{"0":2},"b":{},"_coverageSchema":"1a1c01bbd47fc00a2c39e90264f33305004495a9","hash":"ef59ada71073255e57c1e78ffeee1feb4a75fca8"}
,"C:\\Users\\tdb00\\Documents\\ProjectMercury\\project-mercury-server\\Project-Mercury-Server\\src\\routes\\dexcomRoutes.js": {"path":"C:\\Users\\tdb00\\Documents\\ProjectMercury\\project-mercury-server\\Project-Mercury-Server\\src\\routes\\dexcomRoutes.js","statementMap":{"0":{"start":{"line":2,"column":15},"end":{"line":2,"column":23}},"1":{"start":{"line":6,"column":0},"end":{"line":40,"column":3}},"2":{"start":{"line":7,"column":28},"end":{"line":7,"column":36}},"3":{"start":{"line":9,"column":15},"end":{"line":15,"column":3}},"4":{"start":{"line":16,"column":2},"end":{"line":39,"column":3}},"5":{"start":{"line":17,"column":21},"end":{"line":23,"column":6}},"6":{"start":{"line":25,"column":17},"end":{"line":25,"column":38}},"7":{"start":{"line":27,"column":44},"end":{"line":27,"column":48}},"8":{"start":{"line":28,"column":4},"end":{"line":36,"column":5}},"9":{"start":{"line":29,"column":6},"end":{"line":32,"column":8}},"10":{"start":{"line":33,"column":6},"end":{"line":33,"column":84}},"11":{"start":{"line":35,"column":6},"end":{"line":35,"column":102}},"12":{"start":{"line":38,"column":4},"end":{"line":38,"column":63}},"13":{"start":{"line":42,"column":0},"end":{"line":64,"column":3}},"14":{"start":{"line":43,"column":21},"end":{"line":43,"column":31}},"15":{"start":{"line":45,"column":2},"end":{"line":63,"column":3}},"16":{"start":{"line":47,"column":19},"end":{"line":47,"column":95}},"17":{"start":{"line":49,"column":4},"end":{"line":60,"column":5}},"18":{"start":{"line":50,"column":46},"end":{"line":50,"column":60}},"19":{"start":{"line":51,"column":25},"end":{"line":51,"column":81}},"20":{"start":{"line":53,"column":6},"end":{"line":57,"column":7}},"21":{"start":{"line":54,"column":8},"end":{"line":54,"column":97}},"22":{"start":{"line":56,"column":8},"end":{"line":56,"column":29}},"23":{"start":{"line":59,"column":6},"end":{"line":59,"column":80}},"24":{"start":{"line":62,"column":4},"end":{"line":62,"column":41}},"25":{"start":{"line":68,"column":20},"end":{"line":68,"column":30}},"26":{"start":{"line":71,"column":2},"end":{"line":71,"column":50}},"27":{"start":{"line":74,"column":20},"end":{"line":74,"column":77}},"28":{"start":{"line":77,"column":31},"end":{"line":77,"column":70}},"29":{"start":{"line":78,"column":29},"end":{"line":78,"column":66}},"30":{"start":{"line":81,"column":2},"end":{"line":105,"column":3}},"31":{"start":{"line":82,"column":21},"end":{"line":87,"column":6}},"32":{"start":{"line":89,"column":4},"end":{"line":102,"column":5}},"33":{"start":{"line":91,"column":29},"end":{"line":91,"column":75}},"34":{"start":{"line":93,"column":6},"end":{"line":98,"column":7}},"35":{"start":{"line":94,"column":8},"end":{"line":94,"column":59}},"36":{"start":{"line":97,"column":8},"end":{"line":97,"column":73}},"37":{"start":{"line":100,"column":19},"end":{"line":100,"column":40}},"38":{"start":{"line":101,"column":6},"end":{"line":101,"column":18}},"39":{"start":{"line":104,"column":4},"end":{"line":104,"column":52}},"40":{"start":{"line":110,"column":15},"end":{"line":116,"column":3}},"41":{"start":{"line":118,"column":2},"end":{"line":143,"column":3}},"42":{"start":{"line":119,"column":21},"end":{"line":125,"column":6}},"43":{"start":{"line":127,"column":17},"end":{"line":127,"column":38}},"44":{"start":{"line":129,"column":29},"end":{"line":129,"column":33}},"45":{"start":{"line":130,"column":4},"end":{"line":140,"column":5}},"46":{"start":{"line":132,"column":6},"end":{"line":135,"column":8}},"47":{"start":{"line":137,"column":6},"end":{"line":137,"column":26}},"48":{"start":{"line":139,"column":6},"end":{"line":139,"column":83}},"49":{"start":{"line":142,"column":4},"end":{"line":142,"column":55}},"50":{"start":{"line":146,"column":0},"end":{"line":200,"column":3}},"51":{"start":{"line":147,"column":21},"end":{"line":147,"column":31}},"52":{"start":{"line":149,"column":2},"end":{"line":199,"column":3}},"53":{"start":{"line":151,"column":19},"end":{"line":151,"column":95}},"54":{"start":{"line":153,"column":4},"end":{"line":196,"column":5}},"55":{"start":{"line":154,"column":46},"end":{"line":154,"column":60}},"56":{"start":{"line":156,"column":23},"end":{"line":161,"column":8}},"57":{"start":{"line":163,"column":6},"end":{"line":193,"column":7}},"58":{"start":{"line":165,"column":31},"end":{"line":165,"column":78}},"59":{"start":{"line":167,"column":8},"end":{"line":184,"column":9}},"60":{"start":{"line":168,"column":10},"end":{"line":168,"column":107}},"61":{"start":{"line":171,"column":32},"end":{"line":176,"column":12}},"62":{"start":{"line":177,"column":23},"end":{"line":177,"column":49}},"63":{"start":{"line":178,"column":29},"end":{"line":182,"column":13}},"64":{"start":{"line":178,"column":57},"end":{"line":182,"column":11}},"65":{"start":{"line":183,"column":10},"end":{"line":183,"column":31}},"66":{"start":{"line":186,"column":21},"end":{"line":186,"column":42}},"67":{"start":{"line":187,"column":27},"end":{"line":191,"column":11}},"68":{"start":{"line":187,"column":55},"end":{"line":191,"column":9}},"69":{"start":{"line":192,"column":8},"end":{"line":192,"column":29}},"70":{"start":{"line":195,"column":6},"end":{"line":195,"column":80}},"71":{"start":{"line":198,"column":4},"end":{"line":198,"column":41}},"72":{"start":{"line":202,"column":0},"end":{"line":216,"column":3}},"73":{"start":{"line":203,"column":21},"end":{"line":203,"column":31}},"74":{"start":{"line":205,"column":2},"end":{"line":215,"column":3}},"75":{"start":{"line":206,"column":19},"end":{"line":206,"column":93}},"76":{"start":{"line":208,"column":4},"end":{"line":212,"column":5}},"77":{"start":{"line":209,"column":6},"end":{"line":209,"column":90}},"78":{"start":{"line":211,"column":6},"end":{"line":211,"column":92}},"79":{"start":{"line":214,"column":4},"end":{"line":214,"column":41}}},"fnMap":{"0":{"name":"(anonymous_0)","decl":{"start":{"line":6,"column":29},"end":{"line":6,"column":30}},"loc":{"start":{"line":6,"column":49},"end":{"line":40,"column":1}},"line":6},"1":{"name":"(anonymous_1)","decl":{"start":{"line":42,"column":37},"end":{"line":42,"column":38}},"loc":{"start":{"line":42,"column":57},"end":{"line":64,"column":1}},"line":42},"2":{"name":"getDexcomData","decl":{"start":{"line":66,"column":15},"end":{"line":66,"column":28}},"loc":{"start":{"line":66,"column":64},"end":{"line":106,"column":1}},"line":66},"3":{"name":"refreshDexcomToken","decl":{"start":{"line":109,"column":15},"end":{"line":109,"column":33}},"loc":{"start":{"line":109,"column":56},"end":{"line":144,"column":1}},"line":109},"4":{"name":"(anonymous_4)","decl":{"start":{"line":146,"column":31},"end":{"line":146,"column":32}},"loc":{"start":{"line":146,"column":51},"end":{"line":200,"column":1}},"line":146},"5":{"name":"(anonymous_5)","decl":{"start":{"line":178,"column":46},"end":{"line":178,"column":47}},"loc":{"start":{"line":178,"column":57},"end":{"line":182,"column":11}},"line":178},"6":{"name":"(anonymous_6)","decl":{"start":{"line":187,"column":44},"end":{"line":187,"column":45}},"loc":{"start":{"line":187,"column":55},"end":{"line":191,"column":9}},"line":187},"7":{"name":"(anonymous_7)","decl":{"start":{"line":202,"column":39},"end":{"line":202,"column":40}},"loc":{"start":{"line":202,"column":59},"end":{"line":216,"column":1}},"line":202}},"branchMap":{"0":{"loc":{"start":{"line":28,"column":4},"end":{"line":36,"column":5}},"type":"if","locations":[{"start":{"line":28,"column":4},"end":{"line":36,"column":5}},{"start":{"line":34,"column":11},"end":{"line":36,"column":5}}],"line":28},"1":{"loc":{"start":{"line":28,"column":8},"end":{"line":28,"column":37}},"type":"binary-expr","locations":[{"start":{"line":28,"column":8},"end":{"line":28,"column":20}},{"start":{"line":28,"column":24},"end":{"line":28,"column":37}}],"line":28},"2":{"loc":{"start":{"line":49,"column":4},"end":{"line":60,"column":5}},"type":"if","locations":[{"start":{"line":49,"column":4},"end":{"line":60,"column":5}},{"start":{"line":58,"column":11},"end":{"line":60,"column":5}}],"line":49},"3":{"loc":{"start":{"line":53,"column":6},"end":{"line":57,"column":7}},"type":"if","locations":[{"start":{"line":53,"column":6},"end":{"line":57,"column":7}},{"start":{"line":55,"column":13},"end":{"line":57,"column":7}}],"line":53},"4":{"loc":{"start":{"line":89,"column":4},"end":{"line":102,"column":5}},"type":"if","locations":[{"start":{"line":89,"column":4},"end":{"line":102,"column":5}},{"start":{"line":99,"column":11},"end":{"line":102,"column":5}}],"line":89},"5":{"loc":{"start":{"line":93,"column":6},"end":{"line":98,"column":7}},"type":"if","locations":[{"start":{"line":93,"column":6},"end":{"line":98,"column":7}},{"start":{"line":95,"column":13},"end":{"line":98,"column":7}}],"line":93},"6":{"loc":{"start":{"line":130,"column":4},"end":{"line":140,"column":5}},"type":"if","locations":[{"start":{"line":130,"column":4},"end":{"line":140,"column":5}},{"start":{"line":138,"column":11},"end":{"line":140,"column":5}}],"line":130},"7":{"loc":{"start":{"line":153,"column":4},"end":{"line":196,"column":5}},"type":"if","locations":[{"start":{"line":153,"column":4},"end":{"line":196,"column":5}},{"start":{"line":194,"column":11},"end":{"line":196,"column":5}}],"line":153},"8":{"loc":{"start":{"line":163,"column":6},"end":{"line":193,"column":7}},"type":"if","locations":[{"start":{"line":163,"column":6},"end":{"line":193,"column":7}},{"start":{"line":185,"column":13},"end":{"line":193,"column":7}}],"line":163},"9":{"loc":{"start":{"line":167,"column":8},"end":{"line":184,"column":9}},"type":"if","locations":[{"start":{"line":167,"column":8},"end":{"line":184,"column":9}},{"start":{"line":169,"column":15},"end":{"line":184,"column":9}}],"line":167},"10":{"loc":{"start":{"line":208,"column":4},"end":{"line":212,"column":5}},"type":"if","locations":[{"start":{"line":208,"column":4},"end":{"line":212,"column":5}},{"start":{"line":210,"column":11},"end":{"line":212,"column":5}}],"line":208}},"s":{"0":3,"1":3,"2":3,"3":3,"4":3,"5":3,"6":3,"7":2,"8":2,"9":0,"10":0,"11":2,"12":1,"13":3,"14":3,"15":3,"16":3,"17":3,"18":0,"19":0,"20":0,"21":0,"22":0,"23":2,"24":1,"25":0,"26":0,"27":0,"28":0,"29":0,"30":0,"31":0,"32":0,"33":0,"34":0,"35":0,"36":0,"37":0,"38":0,"39":0,"40":1,"41":1,"42":1,"43":1,"44":1,"45":1,"46":1,"47":1,"48":0,"49":0,"50":3,"51":4,"52":4,"53":4,"54":4,"55":2,"56":2,"57":2,"58":1,"59":1,"60":0,"61":1,"62":1,"63":1,"64":0,"65":1,"66":1,"67":1,"68":0,"69":1,"70":2,"71":0,"72":3,"73":3,"74":3,"75":3,"76":2,"77":1,"78":1,"79":1},"f":{"0":3,"1":3,"2":0,"3":1,"4":4,"5":0,"6":0,"7":3},"b":{"0":[0,2],"1":[2,0],"2":[0,2],"3":[0,0],"4":[0,0],"5":[0,0],"6":[1,0],"7":[2,2],"8":[1,1],"9":[0,1],"10":[1,1]},"_coverageSchema":"1a1c01bbd47fc00a2c39e90264f33305004495a9","hash":"611bbc911520669d7e135b4ec2e0e501fbcbd969"}
,"C:\\Users\\tdb00\\Documents\\ProjectMercury\\project-mercury-server\\Project-Mercury-Server\\src\\routes\\hueRoutes.js": {"path":"C:\\Users\\tdb00\\Documents\\ProjectMercury\\project-mercury-server\\Project-Mercury-Server\\src\\routes\\hueRoutes.js","statementMap":{"0":{"start":{"line":2,"column":15},"end":{"line":2,"column":31}},"1":{"start":{"line":6,"column":0},"end":{"line":21,"column":3}},"2":{"start":{"line":7,"column":2},"end":{"line":20,"column":3}},"3":{"start":{"line":8,"column":56},"end":{"line":8,"column":64}},"4":{"start":{"line":9,"column":4},"end":{"line":12,"column":5}},"5":{"start":{"line":10,"column":6},"end":{"line":10,"column":71}},"6":{"start":{"line":11,"column":6},"end":{"line":11,"column":13}},"7":{"start":{"line":13,"column":4},"end":{"line":16,"column":6}},"8":{"start":{"line":17,"column":4},"end":{"line":17,"column":56}},"9":{"start":{"line":19,"column":4},"end":{"line":19,"column":41}},"10":{"start":{"line":23,"column":0},"end":{"line":34,"column":3}},"11":{"start":{"line":24,"column":2},"end":{"line":33,"column":3}},"12":{"start":{"line":25,"column":23},"end":{"line":25,"column":33}},"13":{"start":{"line":26,"column":19},"end":{"line":29,"column":5}},"14":{"start":{"line":30,"column":4},"end":{"line":30,"column":29}},"15":{"start":{"line":32,"column":4},"end":{"line":32,"column":41}},"16":{"start":{"line":36,"column":0},"end":{"line":72,"column":3}},"17":{"start":{"line":37,"column":2},"end":{"line":71,"column":3}},"18":{"start":{"line":38,"column":32},"end":{"line":38,"column":40}},"19":{"start":{"line":39,"column":4},"end":{"line":42,"column":5}},"20":{"start":{"line":40,"column":6},"end":{"line":40,"column":71}},"21":{"start":{"line":41,"column":6},"end":{"line":41,"column":13}},"22":{"start":{"line":44,"column":4},"end":{"line":44,"column":30}},"23":{"start":{"line":47,"column":4},"end":{"line":63,"column":5}},"24":{"start":{"line":48,"column":20},"end":{"line":48,"column":36}},"25":{"start":{"line":51,"column":28},"end":{"line":54,"column":7}},"26":{"start":{"line":57,"column":6},"end":{"line":62,"column":7}},"27":{"start":{"line":58,"column":8},"end":{"line":61,"column":10}},"28":{"start":{"line":65,"column":4},"end":{"line":65,"column":31}},"29":{"start":{"line":67,"column":4},"end":{"line":67,"column":54}},"30":{"start":{"line":69,"column":4},"end":{"line":69,"column":33}},"31":{"start":{"line":70,"column":4},"end":{"line":70,"column":41}},"32":{"start":{"line":75,"column":0},"end":{"line":94,"column":3}},"33":{"start":{"line":76,"column":2},"end":{"line":93,"column":3}},"34":{"start":{"line":77,"column":23},"end":{"line":77,"column":33}},"35":{"start":{"line":78,"column":4},"end":{"line":81,"column":5}},"36":{"start":{"line":79,"column":6},"end":{"line":79,"column":59}},"37":{"start":{"line":80,"column":6},"end":{"line":80,"column":13}},"38":{"start":{"line":83,"column":19},"end":{"line":86,"column":5}},"39":{"start":{"line":88,"column":20},"end":{"line":88,"column":57}},"40":{"start":{"line":88,"column":43},"end":{"line":88,"column":56}},"41":{"start":{"line":90,"column":4},"end":{"line":90,"column":22}},"42":{"start":{"line":92,"column":4},"end":{"line":92,"column":41}}},"fnMap":{"0":{"name":"(anonymous_0)","decl":{"start":{"line":6,"column":24},"end":{"line":6,"column":25}},"loc":{"start":{"line":6,"column":44},"end":{"line":21,"column":1}},"line":6},"1":{"name":"(anonymous_1)","decl":{"start":{"line":23,"column":41},"end":{"line":23,"column":42}},"loc":{"start":{"line":23,"column":61},"end":{"line":34,"column":1}},"line":23},"2":{"name":"(anonymous_2)","decl":{"start":{"line":36,"column":29},"end":{"line":36,"column":30}},"loc":{"start":{"line":36,"column":49},"end":{"line":72,"column":1}},"line":36},"3":{"name":"(anonymous_3)","decl":{"start":{"line":75,"column":37},"end":{"line":75,"column":38}},"loc":{"start":{"line":75,"column":57},"end":{"line":94,"column":1}},"line":75},"4":{"name":"(anonymous_4)","decl":{"start":{"line":88,"column":36},"end":{"line":88,"column":37}},"loc":{"start":{"line":88,"column":43},"end":{"line":88,"column":56}},"line":88}},"branchMap":{"0":{"loc":{"start":{"line":9,"column":4},"end":{"line":12,"column":5}},"type":"if","locations":[{"start":{"line":9,"column":4},"end":{"line":12,"column":5}},{"start":{},"end":{}}],"line":9},"1":{"loc":{"start":{"line":9,"column":8},"end":{"line":9,"column":57}},"type":"binary-expr","locations":[{"start":{"line":9,"column":8},"end":{"line":9,"column":16}},{"start":{"line":9,"column":20},"end":{"line":9,"column":29}},{"start":{"line":9,"column":33},"end":{"line":9,"column":43}},{"start":{"line":9,"column":47},"end":{"line":9,"column":57}}],"line":9},"2":{"loc":{"start":{"line":39,"column":4},"end":{"line":42,"column":5}},"type":"if","locations":[{"start":{"line":39,"column":4},"end":{"line":42,"column":5}},{"start":{},"end":{}}],"line":39},"3":{"loc":{"start":{"line":39,"column":8},"end":{"line":39,"column":27}},"type":"binary-expr","locations":[{"start":{"line":39,"column":8},"end":{"line":39,"column":15}},{"start":{"line":39,"column":19},"end":{"line":39,"column":27}}],"line":39},"4":{"loc":{"start":{"line":57,"column":6},"end":{"line":62,"column":7}},"type":"if","locations":[{"start":{"line":57,"column":6},"end":{"line":62,"column":7}},{"start":{},"end":{}}],"line":57},"5":{"loc":{"start":{"line":78,"column":4},"end":{"line":81,"column":5}},"type":"if","locations":[{"start":{"line":78,"column":4},"end":{"line":81,"column":5}},{"start":{},"end":{}}],"line":78}},"s":{"0":3,"1":3,"2":2,"3":2,"4":2,"5":1,"6":1,"7":1,"8":0,"9":1,"10":3,"11":1,"12":1,"13":1,"14":1,"15":0,"16":3,"17":2,"18":2,"19":2,"20":1,"21":1,"22":1,"23":1,"24":1,"25":1,"26":1,"27":1,"28":0,"29":0,"30":1,"31":1,"32":3,"33":1,"34":1,"35":1,"36":0,"37":0,"38":1,"39":1,"40":0,"41":1,"42":0},"f":{"0":2,"1":1,"2":2,"3":1,"4":0},"b":{"0":[1,1],"1":[2,1,1,1],"2":[1,1],"3":[2,1],"4":[1,0],"5":[0,1]},"_coverageSchema":"1a1c01bbd47fc00a2c39e90264f33305004495a9","hash":"20d6598c3d2d14b74ac718cf9dbee9976a6f78c9"}
,"C:\\Users\\tdb00\\Documents\\ProjectMercury\\project-mercury-server\\Project-Mercury-Server\\src\\routes\\loginRoutes.js": {"path":"C:\\Users\\tdb00\\Documents\\ProjectMercury\\project-mercury-server\\Project-Mercury-Server\\src\\routes\\loginRoutes.js","statementMap":{"0":{"start":{"line":2,"column":15},"end":{"line":2,"column":31}},"1":{"start":{"line":4,"column":26},"end":{"line":4,"column":34}},"2":{"start":{"line":7,"column":17},"end":{"line":7,"column":24}},"3":{"start":{"line":9,"column":54},"end":{"line":9,"column":63}},"4":{"start":{"line":12,"column":0},"end":{"line":12,"column":56}},"5":{"start":{"line":12,"column":30},"end":{"line":12,"column":54}},"6":{"start":{"line":22,"column":2},"end":{"line":24,"column":3}},"7":{"start":{"line":23,"column":4},"end":{"line":23,"column":45}},"8":{"start":{"line":26,"column":25},"end":{"line":26,"column":46}},"9":{"start":{"line":28,"column":2},"end":{"line":30,"column":3}},"10":{"start":{"line":29,"column":4},"end":{"line":29,"column":67}},"11":{"start":{"line":32,"column":2},"end":{"line":34,"column":3}},"12":{"start":{"line":33,"column":4},"end":{"line":33,"column":67}},"13":{"start":{"line":36,"column":28},"end":{"line":36,"column":44}},"14":{"start":{"line":37,"column":28},"end":{"line":37,"column":44}},"15":{"start":{"line":38,"column":29},"end":{"line":38,"column":46}},"16":{"start":{"line":40,"column":2},"end":{"line":45,"column":4}},"17":{"start":{"line":53,"column":0},"end":{"line":72,"column":3}},"18":{"start":{"line":54,"column":49},"end":{"line":54,"column":57}},"19":{"start":{"line":56,"column":2},"end":{"line":71,"column":3}},"20":{"start":{"line":57,"column":27},"end":{"line":57,"column":82}},"21":{"start":{"line":58,"column":4},"end":{"line":58,"column":39}},"22":{"start":{"line":59,"column":4},"end":{"line":59,"column":39}},"23":{"start":{"line":60,"column":4},"end":{"line":60,"column":33}},"24":{"start":{"line":61,"column":4},"end":{"line":61,"column":41}},"25":{"start":{"line":63,"column":27},"end":{"line":63,"column":51}},"26":{"start":{"line":64,"column":17},"end":{"line":67,"column":5}},"27":{"start":{"line":68,"column":4},"end":{"line":68,"column":27}},"28":{"start":{"line":70,"column":4},"end":{"line":70,"column":41}},"29":{"start":{"line":79,"column":0},"end":{"line":104,"column":3}},"30":{"start":{"line":80,"column":31},"end":{"line":80,"column":39}},"31":{"start":{"line":82,"column":2},"end":{"line":103,"column":3}},"32":{"start":{"line":83,"column":27},"end":{"line":83,"column":96}},"33":{"start":{"line":84,"column":4},"end":{"line":84,"column":39}},"34":{"start":{"line":85,"column":4},"end":{"line":85,"column":39}},"35":{"start":{"line":86,"column":19},"end":{"line":86,"column":90}},"36":{"start":{"line":88,"column":4},"end":{"line":100,"column":5}},"37":{"start":{"line":89,"column":19},"end":{"line":89,"column":33}},"38":{"start":{"line":91,"column":20},"end":{"line":91,"column":58}},"39":{"start":{"line":93,"column":6},"end":{"line":97,"column":7}},"40":{"start":{"line":94,"column":8},"end":{"line":94,"column":80}},"41":{"start":{"line":96,"column":8},"end":{"line":96,"column":74}},"42":{"start":{"line":99,"column":6},"end":{"line":99,"column":72}},"43":{"start":{"line":102,"column":4},"end":{"line":102,"column":72}},"44":{"start":{"line":112,"column":0},"end":{"line":126,"column":3}},"45":{"start":{"line":113,"column":21},"end":{"line":113,"column":31}},"46":{"start":{"line":114,"column":2},"end":{"line":125,"column":3}},"47":{"start":{"line":115,"column":27},"end":{"line":115,"column":99}},"48":{"start":{"line":116,"column":4},"end":{"line":116,"column":39}},"49":{"start":{"line":117,"column":19},"end":{"line":117,"column":90}},"50":{"start":{"line":118,"column":4},"end":{"line":122,"column":5}},"51":{"start":{"line":119,"column":6},"end":{"line":119,"column":39}},"52":{"start":{"line":121,"column":6},"end":{"line":121,"column":38}},"53":{"start":{"line":124,"column":4},"end":{"line":124,"column":96}},"54":{"start":{"line":134,"column":0},"end":{"line":173,"column":3}},"55":{"start":{"line":135,"column":18},"end":{"line":135,"column":26}},"56":{"start":{"line":137,"column":2},"end":{"line":172,"column":3}},"57":{"start":{"line":138,"column":27},"end":{"line":138,"column":90}},"58":{"start":{"line":139,"column":4},"end":{"line":139,"column":33}},"59":{"start":{"line":140,"column":19},"end":{"line":140,"column":84}},"60":{"start":{"line":141,"column":4},"end":{"line":169,"column":5}},"61":{"start":{"line":143,"column":19},"end":{"line":143,"column":73}},"62":{"start":{"line":145,"column":6},"end":{"line":148,"column":8}},"63":{"start":{"line":149,"column":26},"end":{"line":153,"column":7}},"64":{"start":{"line":155,"column":6},"end":{"line":163,"column":8}},"65":{"start":{"line":165,"column":6},"end":{"line":165,"column":54}},"66":{"start":{"line":168,"column":6},"end":{"line":168,"column":59}},"67":{"start":{"line":171,"column":4},"end":{"line":171,"column":93}},"68":{"start":{"line":181,"column":0},"end":{"line":211,"column":3}},"69":{"start":{"line":182,"column":24},"end":{"line":182,"column":32}},"70":{"start":{"line":183,"column":2},"end":{"line":210,"column":3}},"71":{"start":{"line":184,"column":27},"end":{"line":184,"column":84}},"72":{"start":{"line":185,"column":4},"end":{"line":185,"column":33}},"73":{"start":{"line":186,"column":4},"end":{"line":186,"column":35}},"74":{"start":{"line":187,"column":19},"end":{"line":190,"column":5}},"75":{"start":{"line":192,"column":4},"end":{"line":207,"column":5}},"76":{"start":{"line":193,"column":27},"end":{"line":193,"column":41}},"77":{"start":{"line":196,"column":24},"end":{"line":196,"column":57}},"78":{"start":{"line":197,"column":18},"end":{"line":197,"column":28}},"79":{"start":{"line":198,"column":19},"end":{"line":198,"column":48}},"80":{"start":{"line":200,"column":6},"end":{"line":204,"column":7}},"81":{"start":{"line":201,"column":8},"end":{"line":201,"column":69}},"82":{"start":{"line":203,"column":8},"end":{"line":203,"column":71}},"83":{"start":{"line":206,"column":6},"end":{"line":206,"column":71}},"84":{"start":{"line":209,"column":4},"end":{"line":209,"column":79}},"85":{"start":{"line":217,"column":0},"end":{"line":235,"column":3}},"86":{"start":{"line":218,"column":31},"end":{"line":218,"column":39}},"87":{"start":{"line":220,"column":2},"end":{"line":234,"column":3}},"88":{"start":{"line":221,"column":27},"end":{"line":221,"column":90}},"89":{"start":{"line":222,"column":4},"end":{"line":222,"column":33}},"90":{"start":{"line":223,"column":4},"end":{"line":223,"column":42}},"91":{"start":{"line":224,"column":27},"end":{"line":224,"column":54}},"92":{"start":{"line":226,"column":4},"end":{"line":229,"column":6}},"93":{"start":{"line":231,"column":4},"end":{"line":231,"column":67}},"94":{"start":{"line":233,"column":4},"end":{"line":233,"column":88}}},"fnMap":{"0":{"name":"(anonymous_0)","decl":{"start":{"line":12,"column":16},"end":{"line":12,"column":17}},"loc":{"start":{"line":12,"column":30},"end":{"line":12,"column":54}},"line":12},"1":{"name":"validateUserInput","decl":{"start":{"line":20,"column":9},"end":{"line":20,"column":26}},"loc":{"start":{"line":20,"column":65},"end":{"line":46,"column":1}},"line":20},"2":{"name":"(anonymous_2)","decl":{"start":{"line":53,"column":24},"end":{"line":53,"column":25}},"loc":{"start":{"line":53,"column":44},"end":{"line":72,"column":1}},"line":53},"3":{"name":"(anonymous_3)","decl":{"start":{"line":79,"column":22},"end":{"line":79,"column":23}},"loc":{"start":{"line":79,"column":42},"end":{"line":104,"column":1}},"line":79},"4":{"name":"(anonymous_4)","decl":{"start":{"line":112,"column":51},"end":{"line":112,"column":52}},"loc":{"start":{"line":112,"column":71},"end":{"line":126,"column":1}},"line":112},"5":{"name":"(anonymous_5)","decl":{"start":{"line":134,"column":29},"end":{"line":134,"column":30}},"loc":{"start":{"line":134,"column":49},"end":{"line":173,"column":1}},"line":134},"6":{"name":"(anonymous_6)","decl":{"start":{"line":181,"column":27},"end":{"line":181,"column":28}},"loc":{"start":{"line":181,"column":47},"end":{"line":211,"column":1}},"line":181},"7":{"name":"(anonymous_7)","decl":{"start":{"line":217,"column":30},"end":{"line":217,"column":31}},"loc":{"start":{"line":217,"column":50},"end":{"line":235,"column":1}},"line":217}},"branchMap":{"0":{"loc":{"start":{"line":22,"column":2},"end":{"line":24,"column":3}},"type":"if","locations":[{"start":{"line":22,"column":2},"end":{"line":24,"column":3}},{"start":{},"end":{}}],"line":22},"1":{"loc":{"start":{"line":28,"column":2},"end":{"line":30,"column":3}},"type":"if","locations":[{"start":{"line":28,"column":2},"end":{"line":30,"column":3}},{"start":{},"end":{}}],"line":28},"2":{"loc":{"start":{"line":32,"column":2},"end":{"line":34,"column":3}},"type":"if","locations":[{"start":{"line":32,"column":2},"end":{"line":34,"column":3}},{"start":{},"end":{}}],"line":32},"3":{"loc":{"start":{"line":88,"column":4},"end":{"line":100,"column":5}},"type":"if","locations":[{"start":{"line":88,"column":4},"end":{"line":100,"column":5}},{"start":{"line":98,"column":11},"end":{"line":100,"column":5}}],"line":88},"4":{"loc":{"start":{"line":93,"column":6},"end":{"line":97,"column":7}},"type":"if","locations":[{"start":{"line":93,"column":6},"end":{"line":97,"column":7}},{"start":{"line":95,"column":13},"end":{"line":97,"column":7}}],"line":93},"5":{"loc":{"start":{"line":118,"column":4},"end":{"line":122,"column":5}},"type":"if","locations":[{"start":{"line":118,"column":4},"end":{"line":122,"column":5}},{"start":{"line":120,"column":11},"end":{"line":122,"column":5}}],"line":118},"6":{"loc":{"start":{"line":141,"column":4},"end":{"line":169,"column":5}},"type":"if","locations":[{"start":{"line":141,"column":4},"end":{"line":169,"column":5}},{"start":{"line":167,"column":11},"end":{"line":169,"column":5}}],"line":141},"7":{"loc":{"start":{"line":192,"column":4},"end":{"line":207,"column":5}},"type":"if","locations":[{"start":{"line":192,"column":4},"end":{"line":207,"column":5}},{"start":{"line":205,"column":11},"end":{"line":207,"column":5}}],"line":192},"8":{"loc":{"start":{"line":200,"column":6},"end":{"line":204,"column":7}},"type":"if","locations":[{"start":{"line":200,"column":6},"end":{"line":204,"column":7}},{"start":{"line":202,"column":13},"end":{"line":204,"column":7}}],"line":200}},"s":{"0":2,"1":2,"2":2,"3":2,"4":2,"5":1,"6":31,"7":4,"8":27,"9":27,"10":1,"11":26,"12":0,"13":26,"14":26,"15":26,"16":26,"17":2,"18":18,"19":18,"20":18,"21":17,"22":17,"23":17,"24":17,"25":17,"26":17,"27":17,"28":1,"29":2,"30":2,"31":2,"32":2,"33":2,"34":2,"35":2,"36":2,"37":2,"38":2,"39":2,"40":1,"41":1,"42":0,"43":0,"44":2,"45":3,"46":3,"47":3,"48":2,"49":2,"50":2,"51":1,"52":1,"53":1,"54":2,"55":3,"56":3,"57":3,"58":2,"59":2,"60":2,"61":1,"62":1,"63":1,"64":1,"65":1,"66":1,"67":1,"68":2,"69":3,"70":3,"71":3,"72":2,"73":2,"74":2,"75":2,"76":1,"77":1,"78":1,"79":1,"80":1,"81":1,"82":0,"83":1,"84":1,"85":2,"86":2,"87":2,"88":2,"89":1,"90":1,"91":1,"92":1,"93":1,"94":1},"f":{"0":1,"1":31,"2":18,"3":2,"4":3,"5":3,"6":3,"7":2},"b":{"0":[4,27],"1":[1,26],"2":[0,26],"3":[2,0],"4":[1,1],"5":[1,1],"6":[1,1],"7":[1,1],"8":[1,0]},"_coverageSchema":"1a1c01bbd47fc00a2c39e90264f33305004495a9","hash":"922ffadb792d69381f991784f1bd83bbcac594d2"}
,"C:\\Users\\tdb00\\Documents\\ProjectMercury\\project-mercury-server\\Project-Mercury-Server\\src\\routes\\userSettingsRoutes.js": {"path":"C:\\Users\\tdb00\\Documents\\ProjectMercury\\project-mercury-server\\Project-Mercury-Server\\src\\routes\\userSettingsRoutes.js","statementMap":{"0":{"start":{"line":3,"column":15},"end":{"line":3,"column":23}},"1":{"start":{"line":6,"column":0},"end":{"line":27,"column":3}},"2":{"start":{"line":7,"column":21},"end":{"line":7,"column":31}},"3":{"start":{"line":9,"column":2},"end":{"line":26,"column":3}},"4":{"start":{"line":10,"column":19},"end":{"line":10,"column":95}},"5":{"start":{"line":12,"column":4},"end":{"line":23,"column":5}},"6":{"start":{"line":13,"column":6},"end":{"line":13,"column":31}},"7":{"start":{"line":16,"column":35},"end":{"line":16,"column":38}},"8":{"start":{"line":17,"column":34},"end":{"line":17,"column":36}},"9":{"start":{"line":18,"column":27},"end":{"line":21,"column":7}},"10":{"start":{"line":22,"column":6},"end":{"line":22,"column":37}},"11":{"start":{"line":25,"column":4},"end":{"line":25,"column":90}},"12":{"start":{"line":30,"column":0},"end":{"line":52,"column":3}},"13":{"start":{"line":31,"column":21},"end":{"line":31,"column":31}},"14":{"start":{"line":32,"column":42},"end":{"line":32,"column":50}},"15":{"start":{"line":34,"column":2},"end":{"line":51,"column":3}},"16":{"start":{"line":35,"column":19},"end":{"line":38,"column":5}},"17":{"start":{"line":40,"column":4},"end":{"line":48,"column":5}},"18":{"start":{"line":41,"column":6},"end":{"line":41,"column":31}},"19":{"start":{"line":43,"column":27},"end":{"line":46,"column":7}},"20":{"start":{"line":47,"column":6},"end":{"line":47,"column":37}},"21":{"start":{"line":50,"column":4},"end":{"line":50,"column":88}}},"fnMap":{"0":{"name":"(anonymous_0)","decl":{"start":{"line":6,"column":39},"end":{"line":6,"column":40}},"loc":{"start":{"line":6,"column":59},"end":{"line":27,"column":1}},"line":6},"1":{"name":"(anonymous_1)","decl":{"start":{"line":30,"column":43},"end":{"line":30,"column":44}},"loc":{"start":{"line":30,"column":63},"end":{"line":52,"column":1}},"line":30}},"branchMap":{"0":{"loc":{"start":{"line":12,"column":4},"end":{"line":23,"column":5}},"type":"if","locations":[{"start":{"line":12,"column":4},"end":{"line":23,"column":5}},{"start":{"line":14,"column":11},"end":{"line":23,"column":5}}],"line":12},"1":{"loc":{"start":{"line":40,"column":4},"end":{"line":48,"column":5}},"type":"if","locations":[{"start":{"line":40,"column":4},"end":{"line":48,"column":5}},{"start":{"line":42,"column":11},"end":{"line":48,"column":5}}],"line":40}},"s":{"0":2,"1":2,"2":2,"3":2,"4":2,"5":2,"6":1,"7":1,"8":1,"9":1,"10":0,"11":1,"12":2,"13":2,"14":2,"15":2,"16":2,"17":2,"18":1,"19":1,"20":0,"21":1},"f":{"0":2,"1":2},"b":{"0":[1,1],"1":[1,1]},"_coverageSchema":"1a1c01bbd47fc00a2c39e90264f33305004495a9","hash":"a4485c11042e3e59a39afe1a8506e9c202238a6e"}
}
