{"C:\\Users\\tdb00\\Documents\\ProjectMercury\\project-mercury-server\\Project-Mercury-Server\\src\\index.js": {"path":"C:\\Users\\tdb00\\Documents\\ProjectMercury\\project-mercury-server\\Project-Mercury-Server\\src\\index.js","statementMap":{"0":{"start":{"line":1,"column":16},"end":{"line":1,"column":34}},"1":{"start":{"line":2,"column":12},"end":{"line":2,"column":21}},"2":{"start":{"line":3,"column":13},"end":{"line":3,"column":37}},"3":{"start":{"line":4,"column":13},"end":{"line":4,"column":28}},"4":{"start":{"line":5,"column":15},"end":{"line":5,"column":37}},"5":{"start":{"line":6,"column":20},"end":{"line":6,"column":51}},"6":{"start":{"line":7,"column":21},"end":{"line":7,"column":53}},"7":{"start":{"line":8,"column":18},"end":{"line":8,"column":47}},"8":{"start":{"line":9,"column":27},"end":{"line":9,"column":65}},"9":{"start":{"line":12,"column":0},"end":{"line":12,"column":9}},"10":{"start":{"line":14,"column":0},"end":{"line":17,"column":4}},"11":{"start":{"line":19,"column":0},"end":{"line":19,"column":24}},"12":{"start":{"line":21,"column":0},"end":{"line":21,"column":21}},"13":{"start":{"line":22,"column":0},"end":{"line":22,"column":22}},"14":{"start":{"line":23,"column":0},"end":{"line":23,"column":19}},"15":{"start":{"line":25,"column":0},"end":{"line":25,"column":21}},"16":{"start":{"line":27,"column":0},"end":{"line":27,"column":65}},"17":{"start":{"line":27,"column":23},"end":{"line":27,"column":63}}},"fnMap":{"0":{"name":"(anonymous_0)","decl":{"start":{"line":27,"column":17},"end":{"line":27,"column":18}},"loc":{"start":{"line":27,"column":23},"end":{"line":27,"column":63}},"line":27}},"branchMap":{"0":{"loc":{"start":{"line":3,"column":13},"end":{"line":3,"column":37}},"type":"binary-expr","locations":[{"start":{"line":3,"column":13},"end":{"line":3,"column":29}},{"start":{"line":3,"column":33},"end":{"line":3,"column":37}}],"line":3}},"s":{"0":1,"1":1,"2":1,"3":1,"4":1,"5":1,"6":1,"7":1,"8":1,"9":1,"10":1,"11":1,"12":1,"13":1,"14":1,"15":1,"16":1,"17":1},"f":{"0":1},"b":{"0":[1,1]},"_coverageSchema":"1a1c01bbd47fc00a2c39e90264f33305004495a9","hash":"81b0c7f404cd8cbc4cdf00b2e66d30440c3d1443"}
,"C:\\Users\\tdb00\\Documents\\ProjectMercury\\project-mercury-server\\Project-Mercury-Server\\src\\db\\db.js": {"path":"C:\\Users\\tdb00\\Documents\\ProjectMercury\\project-mercury-server\\Project-Mercury-Server\\src\\db\\db.js","statementMap":{"0":{"start":{"line":14,"column":17},"end":{"line":14,"column":30}},"1":{"start":{"line":16,"column":13},"end":{"line":21,"column":2}},"2":{"start":{"line":23,"column":0},"end":{"line":23,"column":22}}},"fnMap":{},"branchMap":{},"s":{"0":1,"1":1,"2":1},"f":{},"b":{},"_coverageSchema":"1a1c01bbd47fc00a2c39e90264f33305004495a9","hash":"c5e0278c488440551b8651002dec0e08a4d9934f"}
,"C:\\Users\\tdb00\\Documents\\ProjectMercury\\project-mercury-server\\Project-Mercury-Server\\src\\db\\tables.js": {"path":"C:\\Users\\tdb00\\Documents\\ProjectMercury\\project-mercury-server\\Project-Mercury-Server\\src\\db\\tables.js","statementMap":{"0":{"start":{"line":1,"column":13},"end":{"line":1,"column":28}},"1":{"start":{"line":3,"column":21},"end":{"line":48,"column":1}},"2":{"start":{"line":4,"column":2},"end":{"line":47,"column":3}},"3":{"start":{"line":6,"column":4},"end":{"line":14,"column":7}},"4":{"start":{"line":16,"column":4},"end":{"line":23,"column":7}},"5":{"start":{"line":25,"column":4},"end":{"line":33,"column":5}},"6":{"start":{"line":35,"column":6},"end":{"line":43,"column":9}},"7":{"start":{"line":46,"column":4},"end":{"line":46,"column":23}},"8":{"start":{"line":50,"column":0},"end":{"line":50,"column":30}}},"fnMap":{"0":{"name":"(anonymous_0)","decl":{"start":{"line":3,"column":21},"end":{"line":3,"column":22}},"loc":{"start":{"line":3,"column":33},"end":{"line":48,"column":1}},"line":3}},"branchMap":{},"s":{"0":1,"1":1,"2":1,"3":1,"4":1,"5":1,"6":1,"7":0,"8":1},"f":{"0":1},"b":{},"_coverageSchema":"1a1c01bbd47fc00a2c39e90264f33305004495a9","hash":"3e4f36fdab994c330be5b09bebaf1d8dfee412a3"}
,"C:\\Users\\tdb00\\Documents\\ProjectMercury\\project-mercury-server\\Project-Mercury-Server\\src\\routes\\dexcomRoutes.js": {"path":"C:\\Users\\tdb00\\Documents\\ProjectMercury\\project-mercury-server\\Project-Mercury-Server\\src\\routes\\dexcomRoutes.js","statementMap":{"0":{"start":{"line":1,"column":16},"end":{"line":1,"column":34}},"1":{"start":{"line":2,"column":15},"end":{"line":2,"column":31}},"2":{"start":{"line":3,"column":13},"end":{"line":3,"column":32}},"3":{"start":{"line":5,"column":0},"end":{"line":39,"column":3}},"4":{"start":{"line":6,"column":28},"end":{"line":6,"column":36}},"5":{"start":{"line":8,"column":15},"end":{"line":14,"column":3}},"6":{"start":{"line":15,"column":2},"end":{"line":38,"column":3}},"7":{"start":{"line":16,"column":21},"end":{"line":22,"column":6}},"8":{"start":{"line":24,"column":17},"end":{"line":24,"column":38}},"9":{"start":{"line":26,"column":44},"end":{"line":26,"column":48}},"10":{"start":{"line":27,"column":4},"end":{"line":35,"column":5}},"11":{"start":{"line":28,"column":6},"end":{"line":31,"column":8}},"12":{"start":{"line":32,"column":6},"end":{"line":32,"column":84}},"13":{"start":{"line":34,"column":6},"end":{"line":34,"column":102}},"14":{"start":{"line":37,"column":4},"end":{"line":37,"column":63}},"15":{"start":{"line":41,"column":0},"end":{"line":63,"column":3}},"16":{"start":{"line":42,"column":21},"end":{"line":42,"column":31}},"17":{"start":{"line":44,"column":2},"end":{"line":62,"column":3}},"18":{"start":{"line":46,"column":19},"end":{"line":46,"column":95}},"19":{"start":{"line":48,"column":4},"end":{"line":59,"column":5}},"20":{"start":{"line":49,"column":46},"end":{"line":49,"column":60}},"21":{"start":{"line":50,"column":25},"end":{"line":50,"column":81}},"22":{"start":{"line":52,"column":6},"end":{"line":56,"column":7}},"23":{"start":{"line":53,"column":8},"end":{"line":53,"column":97}},"24":{"start":{"line":55,"column":8},"end":{"line":55,"column":29}},"25":{"start":{"line":58,"column":6},"end":{"line":58,"column":80}},"26":{"start":{"line":61,"column":4},"end":{"line":61,"column":41}},"27":{"start":{"line":67,"column":20},"end":{"line":67,"column":30}},"28":{"start":{"line":70,"column":2},"end":{"line":70,"column":50}},"29":{"start":{"line":73,"column":20},"end":{"line":73,"column":77}},"30":{"start":{"line":76,"column":31},"end":{"line":76,"column":70}},"31":{"start":{"line":77,"column":29},"end":{"line":77,"column":66}},"32":{"start":{"line":80,"column":2},"end":{"line":104,"column":3}},"33":{"start":{"line":81,"column":21},"end":{"line":86,"column":6}},"34":{"start":{"line":88,"column":4},"end":{"line":101,"column":5}},"35":{"start":{"line":90,"column":29},"end":{"line":90,"column":75}},"36":{"start":{"line":92,"column":6},"end":{"line":97,"column":7}},"37":{"start":{"line":93,"column":8},"end":{"line":93,"column":59}},"38":{"start":{"line":96,"column":8},"end":{"line":96,"column":73}},"39":{"start":{"line":99,"column":19},"end":{"line":99,"column":40}},"40":{"start":{"line":100,"column":6},"end":{"line":100,"column":18}},"41":{"start":{"line":103,"column":4},"end":{"line":103,"column":52}},"42":{"start":{"line":109,"column":15},"end":{"line":115,"column":3}},"43":{"start":{"line":117,"column":2},"end":{"line":142,"column":3}},"44":{"start":{"line":118,"column":21},"end":{"line":124,"column":6}},"45":{"start":{"line":126,"column":17},"end":{"line":126,"column":38}},"46":{"start":{"line":128,"column":29},"end":{"line":128,"column":33}},"47":{"start":{"line":129,"column":4},"end":{"line":139,"column":5}},"48":{"start":{"line":131,"column":6},"end":{"line":134,"column":8}},"49":{"start":{"line":136,"column":6},"end":{"line":136,"column":26}},"50":{"start":{"line":138,"column":6},"end":{"line":138,"column":83}},"51":{"start":{"line":141,"column":4},"end":{"line":141,"column":55}},"52":{"start":{"line":145,"column":0},"end":{"line":199,"column":3}},"53":{"start":{"line":146,"column":21},"end":{"line":146,"column":31}},"54":{"start":{"line":148,"column":2},"end":{"line":198,"column":3}},"55":{"start":{"line":150,"column":19},"end":{"line":150,"column":95}},"56":{"start":{"line":152,"column":4},"end":{"line":195,"column":5}},"57":{"start":{"line":153,"column":46},"end":{"line":153,"column":60}},"58":{"start":{"line":155,"column":23},"end":{"line":160,"column":8}},"59":{"start":{"line":162,"column":6},"end":{"line":192,"column":7}},"60":{"start":{"line":164,"column":31},"end":{"line":164,"column":78}},"61":{"start":{"line":166,"column":8},"end":{"line":183,"column":9}},"62":{"start":{"line":167,"column":10},"end":{"line":167,"column":107}},"63":{"start":{"line":170,"column":32},"end":{"line":175,"column":12}},"64":{"start":{"line":176,"column":23},"end":{"line":176,"column":49}},"65":{"start":{"line":177,"column":29},"end":{"line":181,"column":13}},"66":{"start":{"line":177,"column":57},"end":{"line":181,"column":11}},"67":{"start":{"line":182,"column":10},"end":{"line":182,"column":31}},"68":{"start":{"line":185,"column":21},"end":{"line":185,"column":42}},"69":{"start":{"line":186,"column":27},"end":{"line":190,"column":11}},"70":{"start":{"line":186,"column":55},"end":{"line":190,"column":9}},"71":{"start":{"line":191,"column":8},"end":{"line":191,"column":29}},"72":{"start":{"line":194,"column":6},"end":{"line":194,"column":80}},"73":{"start":{"line":197,"column":4},"end":{"line":197,"column":41}},"74":{"start":{"line":201,"column":0},"end":{"line":215,"column":3}},"75":{"start":{"line":202,"column":21},"end":{"line":202,"column":31}},"76":{"start":{"line":204,"column":2},"end":{"line":214,"column":3}},"77":{"start":{"line":205,"column":19},"end":{"line":205,"column":93}},"78":{"start":{"line":207,"column":4},"end":{"line":211,"column":5}},"79":{"start":{"line":208,"column":6},"end":{"line":208,"column":90}},"80":{"start":{"line":210,"column":6},"end":{"line":210,"column":92}},"81":{"start":{"line":213,"column":4},"end":{"line":213,"column":41}},"82":{"start":{"line":220,"column":0},"end":{"line":220,"column":24}}},"fnMap":{"0":{"name":"(anonymous_0)","decl":{"start":{"line":5,"column":29},"end":{"line":5,"column":30}},"loc":{"start":{"line":5,"column":49},"end":{"line":39,"column":1}},"line":5},"1":{"name":"(anonymous_1)","decl":{"start":{"line":41,"column":37},"end":{"line":41,"column":38}},"loc":{"start":{"line":41,"column":57},"end":{"line":63,"column":1}},"line":41},"2":{"name":"getDexcomData","decl":{"start":{"line":65,"column":15},"end":{"line":65,"column":28}},"loc":{"start":{"line":65,"column":64},"end":{"line":105,"column":1}},"line":65},"3":{"name":"refreshDexcomToken","decl":{"start":{"line":108,"column":15},"end":{"line":108,"column":33}},"loc":{"start":{"line":108,"column":56},"end":{"line":143,"column":1}},"line":108},"4":{"name":"(anonymous_4)","decl":{"start":{"line":145,"column":31},"end":{"line":145,"column":32}},"loc":{"start":{"line":145,"column":51},"end":{"line":199,"column":1}},"line":145},"5":{"name":"(anonymous_5)","decl":{"start":{"line":177,"column":46},"end":{"line":177,"column":47}},"loc":{"start":{"line":177,"column":57},"end":{"line":181,"column":11}},"line":177},"6":{"name":"(anonymous_6)","decl":{"start":{"line":186,"column":44},"end":{"line":186,"column":45}},"loc":{"start":{"line":186,"column":55},"end":{"line":190,"column":9}},"line":186},"7":{"name":"(anonymous_7)","decl":{"start":{"line":201,"column":39},"end":{"line":201,"column":40}},"loc":{"start":{"line":201,"column":59},"end":{"line":215,"column":1}},"line":201}},"branchMap":{"0":{"loc":{"start":{"line":27,"column":4},"end":{"line":35,"column":5}},"type":"if","locations":[{"start":{"line":27,"column":4},"end":{"line":35,"column":5}},{"start":{"line":33,"column":11},"end":{"line":35,"column":5}}],"line":27},"1":{"loc":{"start":{"line":27,"column":8},"end":{"line":27,"column":37}},"type":"binary-expr","locations":[{"start":{"line":27,"column":8},"end":{"line":27,"column":20}},{"start":{"line":27,"column":24},"end":{"line":27,"column":37}}],"line":27},"2":{"loc":{"start":{"line":48,"column":4},"end":{"line":59,"column":5}},"type":"if","locations":[{"start":{"line":48,"column":4},"end":{"line":59,"column":5}},{"start":{"line":57,"column":11},"end":{"line":59,"column":5}}],"line":48},"3":{"loc":{"start":{"line":52,"column":6},"end":{"line":56,"column":7}},"type":"if","locations":[{"start":{"line":52,"column":6},"end":{"line":56,"column":7}},{"start":{"line":54,"column":13},"end":{"line":56,"column":7}}],"line":52},"4":{"loc":{"start":{"line":88,"column":4},"end":{"line":101,"column":5}},"type":"if","locations":[{"start":{"line":88,"column":4},"end":{"line":101,"column":5}},{"start":{"line":98,"column":11},"end":{"line":101,"column":5}}],"line":88},"5":{"loc":{"start":{"line":92,"column":6},"end":{"line":97,"column":7}},"type":"if","locations":[{"start":{"line":92,"column":6},"end":{"line":97,"column":7}},{"start":{"line":94,"column":13},"end":{"line":97,"column":7}}],"line":92},"6":{"loc":{"start":{"line":129,"column":4},"end":{"line":139,"column":5}},"type":"if","locations":[{"start":{"line":129,"column":4},"end":{"line":139,"column":5}},{"start":{"line":137,"column":11},"end":{"line":139,"column":5}}],"line":129},"7":{"loc":{"start":{"line":152,"column":4},"end":{"line":195,"column":5}},"type":"if","locations":[{"start":{"line":152,"column":4},"end":{"line":195,"column":5}},{"start":{"line":193,"column":11},"end":{"line":195,"column":5}}],"line":152},"8":{"loc":{"start":{"line":162,"column":6},"end":{"line":192,"column":7}},"type":"if","locations":[{"start":{"line":162,"column":6},"end":{"line":192,"column":7}},{"start":{"line":184,"column":13},"end":{"line":192,"column":7}}],"line":162},"9":{"loc":{"start":{"line":166,"column":8},"end":{"line":183,"column":9}},"type":"if","locations":[{"start":{"line":166,"column":8},"end":{"line":183,"column":9}},{"start":{"line":168,"column":15},"end":{"line":183,"column":9}}],"line":166},"10":{"loc":{"start":{"line":207,"column":4},"end":{"line":211,"column":5}},"type":"if","locations":[{"start":{"line":207,"column":4},"end":{"line":211,"column":5}},{"start":{"line":209,"column":11},"end":{"line":211,"column":5}}],"line":207}},"s":{"0":1,"1":1,"2":1,"3":1,"4":0,"5":0,"6":0,"7":0,"8":0,"9":0,"10":0,"11":0,"12":0,"13":0,"14":0,"15":1,"16":0,"17":0,"18":0,"19":0,"20":0,"21":0,"22":0,"23":0,"24":0,"25":0,"26":0,"27":0,"28":0,"29":0,"30":0,"31":0,"32":0,"33":0,"34":0,"35":0,"36":0,"37":0,"38":0,"39":0,"40":0,"41":0,"42":0,"43":0,"44":0,"45":0,"46":0,"47":0,"48":0,"49":0,"50":0,"51":0,"52":1,"53":0,"54":0,"55":0,"56":0,"57":0,"58":0,"59":0,"60":0,"61":0,"62":0,"63":0,"64":0,"65":0,"66":0,"67":0,"68":0,"69":0,"70":0,"71":0,"72":0,"73":0,"74":1,"75":0,"76":0,"77":0,"78":0,"79":0,"80":0,"81":0,"82":1},"f":{"0":0,"1":0,"2":0,"3":0,"4":0,"5":0,"6":0,"7":0},"b":{"0":[0,0],"1":[0,0],"2":[0,0],"3":[0,0],"4":[0,0],"5":[0,0],"6":[0,0],"7":[0,0],"8":[0,0],"9":[0,0],"10":[0,0]},"_coverageSchema":"1a1c01bbd47fc00a2c39e90264f33305004495a9","hash":"327bbce85b3d55f001a4218f119189b12ac470e2"}
,"C:\\Users\\tdb00\\Documents\\ProjectMercury\\project-mercury-server\\Project-Mercury-Server\\src\\routes\\hueRoutes.js": {"path":"C:\\Users\\tdb00\\Documents\\ProjectMercury\\project-mercury-server\\Project-Mercury-Server\\src\\routes\\hueRoutes.js","statementMap":{"0":{"start":{"line":1,"column":16},"end":{"line":1,"column":34}},"1":{"start":{"line":2,"column":15},"end":{"line":2,"column":31}},"2":{"start":{"line":3,"column":13},"end":{"line":3,"column":32}},"3":{"start":{"line":9,"column":0},"end":{"line":9,"column":24}}},"fnMap":{},"branchMap":{},"s":{"0":1,"1":1,"2":1,"3":1},"f":{},"b":{},"_coverageSchema":"1a1c01bbd47fc00a2c39e90264f33305004495a9","hash":"66d223ae8d66af4264d8bf719796fbd5c4d49f39"}
,"C:\\Users\\tdb00\\Documents\\ProjectMercury\\project-mercury-server\\Project-Mercury-Server\\src\\routes\\loginRoutes.js": {"path":"C:\\Users\\tdb00\\Documents\\ProjectMercury\\project-mercury-server\\Project-Mercury-Server\\src\\routes\\loginRoutes.js","statementMap":{"0":{"start":{"line":1,"column":16},"end":{"line":1,"column":34}},"1":{"start":{"line":2,"column":15},"end":{"line":2,"column":31}},"2":{"start":{"line":3,"column":15},"end":{"line":3,"column":34}},"3":{"start":{"line":4,"column":13},"end":{"line":4,"column":32}},"4":{"start":{"line":5,"column":16},"end":{"line":5,"column":42}},"5":{"start":{"line":6,"column":18},"end":{"line":6,"column":38}},"6":{"start":{"line":8,"column":0},"end":{"line":8,"column":56}},"7":{"start":{"line":8,"column":30},"end":{"line":8,"column":54}},"8":{"start":{"line":18,"column":2},"end":{"line":20,"column":3}},"9":{"start":{"line":19,"column":4},"end":{"line":19,"column":45}},"10":{"start":{"line":22,"column":25},"end":{"line":22,"column":56}},"11":{"start":{"line":24,"column":2},"end":{"line":26,"column":3}},"12":{"start":{"line":25,"column":4},"end":{"line":25,"column":67}},"13":{"start":{"line":28,"column":2},"end":{"line":30,"column":3}},"14":{"start":{"line":29,"column":4},"end":{"line":29,"column":67}},"15":{"start":{"line":32,"column":28},"end":{"line":32,"column":54}},"16":{"start":{"line":33,"column":28},"end":{"line":33,"column":54}},"17":{"start":{"line":34,"column":29},"end":{"line":34,"column":56}},"18":{"start":{"line":36,"column":2},"end":{"line":41,"column":4}},"19":{"start":{"line":49,"column":0},"end":{"line":69,"column":3}},"20":{"start":{"line":50,"column":49},"end":{"line":50,"column":57}},"21":{"start":{"line":52,"column":2},"end":{"line":68,"column":3}},"22":{"start":{"line":53,"column":27},"end":{"line":53,"column":79}},"23":{"start":{"line":54,"column":4},"end":{"line":54,"column":39}},"24":{"start":{"line":55,"column":4},"end":{"line":55,"column":39}},"25":{"start":{"line":56,"column":4},"end":{"line":56,"column":33}},"26":{"start":{"line":57,"column":4},"end":{"line":57,"column":41}},"27":{"start":{"line":59,"column":27},"end":{"line":59,"column":58}},"28":{"start":{"line":60,"column":17},"end":{"line":63,"column":5}},"29":{"start":{"line":64,"column":4},"end":{"line":64,"column":27}},"30":{"start":{"line":66,"column":4},"end":{"line":66,"column":31}},"31":{"start":{"line":67,"column":4},"end":{"line":67,"column":41}},"32":{"start":{"line":76,"column":0},"end":{"line":102,"column":3}},"33":{"start":{"line":77,"column":31},"end":{"line":77,"column":39}},"34":{"start":{"line":79,"column":2},"end":{"line":101,"column":3}},"35":{"start":{"line":80,"column":27},"end":{"line":80,"column":93}},"36":{"start":{"line":81,"column":4},"end":{"line":81,"column":39}},"37":{"start":{"line":82,"column":4},"end":{"line":82,"column":39}},"38":{"start":{"line":83,"column":19},"end":{"line":83,"column":90}},"39":{"start":{"line":85,"column":4},"end":{"line":97,"column":5}},"40":{"start":{"line":86,"column":19},"end":{"line":86,"column":33}},"41":{"start":{"line":88,"column":20},"end":{"line":88,"column":65}},"42":{"start":{"line":90,"column":6},"end":{"line":94,"column":7}},"43":{"start":{"line":91,"column":8},"end":{"line":91,"column":80}},"44":{"start":{"line":93,"column":8},"end":{"line":93,"column":74}},"45":{"start":{"line":96,"column":6},"end":{"line":96,"column":72}},"46":{"start":{"line":99,"column":4},"end":{"line":99,"column":23}},"47":{"start":{"line":100,"column":4},"end":{"line":100,"column":72}},"48":{"start":{"line":110,"column":0},"end":{"line":124,"column":3}},"49":{"start":{"line":111,"column":21},"end":{"line":111,"column":31}},"50":{"start":{"line":112,"column":2},"end":{"line":123,"column":3}},"51":{"start":{"line":113,"column":27},"end":{"line":113,"column":96}},"52":{"start":{"line":114,"column":4},"end":{"line":114,"column":39}},"53":{"start":{"line":115,"column":19},"end":{"line":115,"column":90}},"54":{"start":{"line":116,"column":4},"end":{"line":120,"column":5}},"55":{"start":{"line":117,"column":6},"end":{"line":117,"column":39}},"56":{"start":{"line":119,"column":6},"end":{"line":119,"column":38}},"57":{"start":{"line":122,"column":4},"end":{"line":122,"column":96}},"58":{"start":{"line":132,"column":0},"end":{"line":171,"column":3}},"59":{"start":{"line":133,"column":18},"end":{"line":133,"column":26}},"60":{"start":{"line":135,"column":2},"end":{"line":170,"column":3}},"61":{"start":{"line":136,"column":27},"end":{"line":136,"column":87}},"62":{"start":{"line":137,"column":4},"end":{"line":137,"column":33}},"63":{"start":{"line":138,"column":19},"end":{"line":138,"column":84}},"64":{"start":{"line":139,"column":4},"end":{"line":167,"column":5}},"65":{"start":{"line":141,"column":19},"end":{"line":141,"column":73}},"66":{"start":{"line":143,"column":6},"end":{"line":146,"column":8}},"67":{"start":{"line":147,"column":28},"end":{"line":151,"column":9}},"68":{"start":{"line":153,"column":8},"end":{"line":161,"column":12}},"69":{"start":{"line":163,"column":8},"end":{"line":163,"column":56}},"70":{"start":{"line":166,"column":6},"end":{"line":166,"column":59}},"71":{"start":{"line":169,"column":4},"end":{"line":169,"column":93}},"72":{"start":{"line":179,"column":0},"end":{"line":209,"column":3}},"73":{"start":{"line":180,"column":24},"end":{"line":180,"column":32}},"74":{"start":{"line":181,"column":2},"end":{"line":208,"column":3}},"75":{"start":{"line":182,"column":27},"end":{"line":182,"column":81}},"76":{"start":{"line":183,"column":4},"end":{"line":183,"column":33}},"77":{"start":{"line":184,"column":4},"end":{"line":184,"column":35}},"78":{"start":{"line":185,"column":19},"end":{"line":188,"column":5}},"79":{"start":{"line":190,"column":4},"end":{"line":205,"column":5}},"80":{"start":{"line":191,"column":27},"end":{"line":191,"column":41}},"81":{"start":{"line":194,"column":24},"end":{"line":194,"column":57}},"82":{"start":{"line":195,"column":18},"end":{"line":195,"column":28}},"83":{"start":{"line":196,"column":19},"end":{"line":196,"column":48}},"84":{"start":{"line":198,"column":6},"end":{"line":202,"column":7}},"85":{"start":{"line":199,"column":8},"end":{"line":199,"column":69}},"86":{"start":{"line":201,"column":8},"end":{"line":201,"column":71}},"87":{"start":{"line":204,"column":6},"end":{"line":204,"column":71}},"88":{"start":{"line":207,"column":4},"end":{"line":207,"column":79}},"89":{"start":{"line":215,"column":0},"end":{"line":233,"column":3}},"90":{"start":{"line":216,"column":31},"end":{"line":216,"column":39}},"91":{"start":{"line":218,"column":2},"end":{"line":232,"column":3}},"92":{"start":{"line":219,"column":27},"end":{"line":219,"column":87}},"93":{"start":{"line":220,"column":4},"end":{"line":220,"column":33}},"94":{"start":{"line":221,"column":4},"end":{"line":221,"column":42}},"95":{"start":{"line":222,"column":27},"end":{"line":222,"column":61}},"96":{"start":{"line":224,"column":4},"end":{"line":227,"column":6}},"97":{"start":{"line":229,"column":4},"end":{"line":229,"column":67}},"98":{"start":{"line":231,"column":4},"end":{"line":231,"column":88}},"99":{"start":{"line":236,"column":0},"end":{"line":236,"column":24}}},"fnMap":{"0":{"name":"(anonymous_0)","decl":{"start":{"line":8,"column":16},"end":{"line":8,"column":17}},"loc":{"start":{"line":8,"column":30},"end":{"line":8,"column":54}},"line":8},"1":{"name":"validateUserInput","decl":{"start":{"line":16,"column":9},"end":{"line":16,"column":26}},"loc":{"start":{"line":16,"column":61},"end":{"line":42,"column":1}},"line":16},"2":{"name":"(anonymous_2)","decl":{"start":{"line":49,"column":24},"end":{"line":49,"column":25}},"loc":{"start":{"line":49,"column":44},"end":{"line":69,"column":1}},"line":49},"3":{"name":"(anonymous_3)","decl":{"start":{"line":76,"column":22},"end":{"line":76,"column":23}},"loc":{"start":{"line":76,"column":42},"end":{"line":102,"column":1}},"line":76},"4":{"name":"(anonymous_4)","decl":{"start":{"line":110,"column":51},"end":{"line":110,"column":52}},"loc":{"start":{"line":110,"column":71},"end":{"line":124,"column":1}},"line":110},"5":{"name":"(anonymous_5)","decl":{"start":{"line":132,"column":29},"end":{"line":132,"column":30}},"loc":{"start":{"line":132,"column":49},"end":{"line":171,"column":1}},"line":132},"6":{"name":"(anonymous_6)","decl":{"start":{"line":179,"column":27},"end":{"line":179,"column":28}},"loc":{"start":{"line":179,"column":47},"end":{"line":209,"column":1}},"line":179},"7":{"name":"(anonymous_7)","decl":{"start":{"line":215,"column":30},"end":{"line":215,"column":31}},"loc":{"start":{"line":215,"column":50},"end":{"line":233,"column":1}},"line":215}},"branchMap":{"0":{"loc":{"start":{"line":18,"column":2},"end":{"line":20,"column":3}},"type":"if","locations":[{"start":{"line":18,"column":2},"end":{"line":20,"column":3}},{"start":{},"end":{}}],"line":18},"1":{"loc":{"start":{"line":24,"column":2},"end":{"line":26,"column":3}},"type":"if","locations":[{"start":{"line":24,"column":2},"end":{"line":26,"column":3}},{"start":{},"end":{}}],"line":24},"2":{"loc":{"start":{"line":28,"column":2},"end":{"line":30,"column":3}},"type":"if","locations":[{"start":{"line":28,"column":2},"end":{"line":30,"column":3}},{"start":{},"end":{}}],"line":28},"3":{"loc":{"start":{"line":85,"column":4},"end":{"line":97,"column":5}},"type":"if","locations":[{"start":{"line":85,"column":4},"end":{"line":97,"column":5}},{"start":{"line":95,"column":11},"end":{"line":97,"column":5}}],"line":85},"4":{"loc":{"start":{"line":90,"column":6},"end":{"line":94,"column":7}},"type":"if","locations":[{"start":{"line":90,"column":6},"end":{"line":94,"column":7}},{"start":{"line":92,"column":13},"end":{"line":94,"column":7}}],"line":90},"5":{"loc":{"start":{"line":116,"column":4},"end":{"line":120,"column":5}},"type":"if","locations":[{"start":{"line":116,"column":4},"end":{"line":120,"column":5}},{"start":{"line":118,"column":11},"end":{"line":120,"column":5}}],"line":116},"6":{"loc":{"start":{"line":139,"column":4},"end":{"line":167,"column":5}},"type":"if","locations":[{"start":{"line":139,"column":4},"end":{"line":167,"column":5}},{"start":{"line":165,"column":11},"end":{"line":167,"column":5}}],"line":139},"7":{"loc":{"start":{"line":190,"column":4},"end":{"line":205,"column":5}},"type":"if","locations":[{"start":{"line":190,"column":4},"end":{"line":205,"column":5}},{"start":{"line":203,"column":11},"end":{"line":205,"column":5}}],"line":190},"8":{"loc":{"start":{"line":198,"column":6},"end":{"line":202,"column":7}},"type":"if","locations":[{"start":{"line":198,"column":6},"end":{"line":202,"column":7}},{"start":{"line":200,"column":13},"end":{"line":202,"column":7}}],"line":198}},"s":{"0":1,"1":1,"2":1,"3":1,"4":1,"5":1,"6":1,"7":1,"8":31,"9":4,"10":27,"11":27,"12":1,"13":26,"14":0,"15":26,"16":26,"17":26,"18":26,"19":1,"20":18,"21":18,"22":18,"23":17,"24":17,"25":17,"26":17,"27":17,"28":17,"29":17,"30":1,"31":1,"32":1,"33":2,"34":2,"35":2,"36":2,"37":2,"38":2,"39":2,"40":2,"41":2,"42":2,"43":1,"44":1,"45":0,"46":0,"47":0,"48":1,"49":3,"50":3,"51":3,"52":2,"53":2,"54":2,"55":1,"56":1,"57":1,"58":1,"59":3,"60":3,"61":3,"62":2,"63":2,"64":2,"65":1,"66":1,"67":1,"68":1,"69":1,"70":1,"71":1,"72":1,"73":3,"74":3,"75":3,"76":2,"77":2,"78":2,"79":2,"80":1,"81":1,"82":1,"83":1,"84":1,"85":1,"86":0,"87":1,"88":1,"89":1,"90":2,"91":2,"92":2,"93":1,"94":1,"95":1,"96":1,"97":1,"98":1,"99":1},"f":{"0":1,"1":31,"2":18,"3":2,"4":3,"5":3,"6":3,"7":2},"b":{"0":[4,27],"1":[1,26],"2":[0,26],"3":[2,0],"4":[1,1],"5":[1,1],"6":[1,1],"7":[1,1],"8":[1,0]},"_coverageSchema":"1a1c01bbd47fc00a2c39e90264f33305004495a9","hash":"06d0b461e422e4121462ca4bc661d8b93d2c8333"}
,"C:\\Users\\tdb00\\Documents\\ProjectMercury\\project-mercury-server\\Project-Mercury-Server\\src\\routes\\userSettingsRoutes.js": {"path":"C:\\Users\\tdb00\\Documents\\ProjectMercury\\project-mercury-server\\Project-Mercury-Server\\src\\routes\\userSettingsRoutes.js","statementMap":{"0":{"start":{"line":1,"column":16},"end":{"line":1,"column":34}},"1":{"start":{"line":2,"column":15},"end":{"line":2,"column":31}},"2":{"start":{"line":3,"column":13},"end":{"line":3,"column":32}},"3":{"start":{"line":5,"column":0},"end":{"line":20,"column":3}},"4":{"start":{"line":6,"column":21},"end":{"line":6,"column":31}},"5":{"start":{"line":8,"column":2},"end":{"line":19,"column":3}},"6":{"start":{"line":9,"column":19},"end":{"line":9,"column":95}},"7":{"start":{"line":11,"column":4},"end":{"line":15,"column":5}},"8":{"start":{"line":12,"column":6},"end":{"line":12,"column":31}},"9":{"start":{"line":14,"column":6},"end":{"line":14,"column":67}},"10":{"start":{"line":17,"column":4},"end":{"line":17,"column":23}},"11":{"start":{"line":18,"column":4},"end":{"line":18,"column":90}},"12":{"start":{"line":22,"column":0},"end":{"line":41,"column":3}},"13":{"start":{"line":23,"column":21},"end":{"line":23,"column":31}},"14":{"start":{"line":24,"column":42},"end":{"line":24,"column":50}},"15":{"start":{"line":26,"column":2},"end":{"line":40,"column":3}},"16":{"start":{"line":27,"column":19},"end":{"line":30,"column":5}},"17":{"start":{"line":32,"column":4},"end":{"line":36,"column":5}},"18":{"start":{"line":33,"column":6},"end":{"line":33,"column":31}},"19":{"start":{"line":35,"column":6},"end":{"line":35,"column":67}},"20":{"start":{"line":38,"column":4},"end":{"line":38,"column":23}},"21":{"start":{"line":39,"column":4},"end":{"line":39,"column":88}},"22":{"start":{"line":43,"column":0},"end":{"line":43,"column":24}}},"fnMap":{"0":{"name":"(anonymous_0)","decl":{"start":{"line":5,"column":39},"end":{"line":5,"column":40}},"loc":{"start":{"line":5,"column":59},"end":{"line":20,"column":1}},"line":5},"1":{"name":"(anonymous_1)","decl":{"start":{"line":22,"column":43},"end":{"line":22,"column":44}},"loc":{"start":{"line":22,"column":63},"end":{"line":41,"column":1}},"line":22}},"branchMap":{"0":{"loc":{"start":{"line":11,"column":4},"end":{"line":15,"column":5}},"type":"if","locations":[{"start":{"line":11,"column":4},"end":{"line":15,"column":5}},{"start":{"line":13,"column":11},"end":{"line":15,"column":5}}],"line":11},"1":{"loc":{"start":{"line":32,"column":4},"end":{"line":36,"column":5}},"type":"if","locations":[{"start":{"line":32,"column":4},"end":{"line":36,"column":5}},{"start":{"line":34,"column":11},"end":{"line":36,"column":5}}],"line":32}},"s":{"0":1,"1":1,"2":1,"3":1,"4":0,"5":0,"6":0,"7":0,"8":0,"9":0,"10":0,"11":0,"12":1,"13":0,"14":0,"15":0,"16":0,"17":0,"18":0,"19":0,"20":0,"21":0,"22":1},"f":{"0":0,"1":0},"b":{"0":[0,0],"1":[0,0]},"_coverageSchema":"1a1c01bbd47fc00a2c39e90264f33305004495a9","hash":"6a5ac3fe712eb4fb3c07ce9d1ac12b223bae18e3"}
}
