TN:
SF:src\index.js
FN:29,(anonymous_0)
FNF:1
FNH:1
FNDA:1,(anonymous_0)
DA:2,2
DA:3,2
DA:12,2
DA:14,2
DA:19,2
DA:22,2
DA:23,2
DA:24,2
DA:25,2
DA:29,2
LF:10
LH:10
BRDA:3,0,0,2
BRDA:3,0,1,2
BRF:2
BRH:2
end_of_record
TN:
SF:src\db\db.js
FNF:0
FNH:0
DA:3,3
DA:6,3
LF:2
LH:2
BRF:0
BRH:0
end_of_record
TN:
SF:src\db\tables.js
FN:3,(anonymous_0)
FNF:1
FNH:1
FNDA:2,(anonymous_0)
DA:3,2
DA:4,2
DA:6,2
DA:16,2
DA:25,2
DA:35,2
DA:45,2
DA:56,2
DA:69,0
LF:9
LH:8
BRF:0
BRH:0
end_of_record
TN:
SF:src\routes\dexcomRoutes.js
FN:6,(anonymous_0)
FN:42,(anonymous_1)
FN:66,getDexcomData
FN:109,refreshDexcomToken
FN:146,(anonymous_4)
FN:178,(anonymous_5)
FN:187,(anonymous_6)
FN:202,(anonymous_7)
FNF:8
FNH:5
FNDA:2,(anonymous_0)
FNDA:1,(anonymous_1)
FNDA:0,getDexcomData
FNDA:2,refreshDexcomToken
FNDA:3,(anonymous_4)
FNDA:0,(anonymous_5)
FNDA:0,(anonymous_6)
FNDA:3,(anonymous_7)
DA:2,3
DA:6,3
DA:7,2
DA:9,2
DA:16,2
DA:17,2
DA:25,2
DA:27,2
DA:28,2
DA:29,0
DA:33,0
DA:35,2
DA:38,0
DA:42,3
DA:43,1
DA:45,1
DA:47,1
DA:49,1
DA:50,0
DA:51,0
DA:53,0
DA:54,0
DA:56,0
DA:59,0
DA:62,1
DA:68,0
DA:71,0
DA:74,0
DA:77,0
DA:78,0
DA:81,0
DA:82,0
DA:89,0
DA:91,0
DA:93,0
DA:94,0
DA:97,0
DA:100,0
DA:101,0
DA:104,0
DA:110,2
DA:118,2
DA:119,2
DA:127,2
DA:129,2
DA:130,2
DA:132,1
DA:137,1
DA:139,1
DA:142,0
DA:146,3
DA:147,3
DA:149,3
DA:151,3
DA:153,3
DA:154,3
DA:156,3
DA:163,3
DA:165,2
DA:167,2
DA:168,1
DA:171,1
DA:177,1
DA:178,1
DA:183,1
DA:186,1
DA:187,1
DA:192,1
DA:195,0
DA:198,0
DA:202,3
DA:203,3
DA:205,3
DA:206,3
DA:208,2
DA:209,1
DA:211,1
DA:214,1
LF:78
LH:51
BRDA:28,0,0,0
BRDA:28,0,1,2
BRDA:28,1,0,2
BRDA:28,1,1,0
BRDA:49,2,0,0
BRDA:49,2,1,0
BRDA:53,3,0,0
BRDA:53,3,1,0
BRDA:89,4,0,0
BRDA:89,4,1,0
BRDA:93,5,0,0
BRDA:93,5,1,0
BRDA:130,6,0,1
BRDA:130,6,1,1
BRDA:153,7,0,3
BRDA:153,7,1,0
BRDA:163,8,0,2
BRDA:163,8,1,1
BRDA:167,9,0,1
BRDA:167,9,1,1
BRDA:208,10,0,1
BRDA:208,10,1,1
BRF:22
BRH:11
end_of_record
TN:
SF:src\routes\hueRoutes.js
FN:6,(anonymous_0)
FN:23,(anonymous_1)
FN:36,(anonymous_2)
FN:75,(anonymous_3)
FN:88,(anonymous_4)
FNF:5
FNH:4
FNDA:2,(anonymous_0)
FNDA:1,(anonymous_1)
FNDA:2,(anonymous_2)
FNDA:1,(anonymous_3)
FNDA:0,(anonymous_4)
DA:2,3
DA:6,3
DA:7,2
DA:8,2
DA:9,2
DA:10,1
DA:11,1
DA:13,1
DA:17,0
DA:19,1
DA:23,3
DA:24,1
DA:25,1
DA:26,1
DA:30,1
DA:32,0
DA:36,3
DA:37,2
DA:38,2
DA:39,2
DA:40,1
DA:41,1
DA:44,1
DA:47,1
DA:48,1
DA:51,1
DA:57,1
DA:58,1
DA:65,0
DA:67,0
DA:69,1
DA:70,1
DA:75,3
DA:76,1
DA:77,1
DA:78,1
DA:79,0
DA:80,0
DA:83,1
DA:88,1
DA:90,1
DA:92,0
LF:42
LH:35
BRDA:9,0,0,1
BRDA:9,0,1,1
BRDA:9,1,0,2
BRDA:9,1,1,1
BRDA:9,1,2,1
BRDA:9,1,3,1
BRDA:39,2,0,1
BRDA:39,2,1,1
BRDA:39,3,0,2
BRDA:39,3,1,1
BRDA:57,4,0,1
BRDA:57,4,1,0
BRDA:78,5,0,0
BRDA:78,5,1,1
BRF:14
BRH:12
end_of_record
TN:
SF:src\routes\loginRoutes.js
FN:12,(anonymous_0)
FN:20,validateUserInput
FN:53,(anonymous_2)
FN:79,(anonymous_3)
FN:112,(anonymous_4)
FN:134,(anonymous_5)
FN:181,(anonymous_6)
FN:217,(anonymous_7)
FNF:8
FNH:7
FNDA:0,(anonymous_0)
FNDA:31,validateUserInput
FNDA:18,(anonymous_2)
FNDA:2,(anonymous_3)
FNDA:3,(anonymous_4)
FNDA:3,(anonymous_5)
FNDA:3,(anonymous_6)
FNDA:2,(anonymous_7)
DA:2,2
DA:4,2
DA:7,2
DA:9,2
DA:12,2
DA:22,31
DA:23,4
DA:26,27
DA:28,27
DA:29,1
DA:32,26
DA:33,0
DA:36,26
DA:37,26
DA:38,26
DA:40,26
DA:53,2
DA:54,18
DA:56,18
DA:57,18
DA:58,17
DA:59,17
DA:60,17
DA:61,17
DA:63,17
DA:64,17
DA:68,17
DA:70,1
DA:79,2
DA:80,2
DA:82,2
DA:83,2
DA:84,2
DA:85,2
DA:86,2
DA:88,2
DA:89,2
DA:91,2
DA:93,2
DA:94,1
DA:96,1
DA:99,0
DA:102,0
DA:112,2
DA:113,3
DA:114,3
DA:115,3
DA:116,2
DA:117,2
DA:118,2
DA:119,1
DA:121,1
DA:124,1
DA:134,2
DA:135,3
DA:137,3
DA:138,3
DA:139,2
DA:140,2
DA:141,2
DA:143,1
DA:145,1
DA:149,1
DA:155,1
DA:165,1
DA:168,1
DA:171,1
DA:181,2
DA:182,3
DA:183,3
DA:184,3
DA:185,2
DA:186,2
DA:187,2
DA:192,2
DA:193,1
DA:196,1
DA:197,1
DA:198,1
DA:200,1
DA:201,1
DA:203,0
DA:206,1
DA:209,1
DA:217,2
DA:218,2
DA:220,2
DA:221,2
DA:222,1
DA:223,1
DA:224,1
DA:226,1
DA:231,1
DA:233,1
LF:94
LH:90
BRDA:22,0,0,4
BRDA:22,0,1,27
BRDA:28,1,0,1
BRDA:28,1,1,26
BRDA:32,2,0,0
BRDA:32,2,1,26
BRDA:88,3,0,2
BRDA:88,3,1,0
BRDA:93,4,0,1
BRDA:93,4,1,1
BRDA:118,5,0,1
BRDA:118,5,1,1
BRDA:141,6,0,1
BRDA:141,6,1,1
BRDA:192,7,0,1
BRDA:192,7,1,1
BRDA:200,8,0,1
BRDA:200,8,1,0
BRF:18
BRH:15
end_of_record
TN:
SF:src\routes\userSettingsRoutes.js
FN:6,(anonymous_0)
FN:30,(anonymous_1)
FNF:2
FNH:2
FNDA:2,(anonymous_0)
FNDA:2,(anonymous_1)
DA:3,2
DA:6,2
DA:7,2
DA:9,2
DA:10,2
DA:12,2
DA:13,1
DA:16,1
DA:17,1
DA:18,1
DA:22,0
DA:25,1
DA:30,2
DA:31,2
DA:32,2
DA:34,2
DA:35,2
DA:40,2
DA:41,1
DA:43,1
DA:47,0
DA:50,1
LF:22
LH:20
BRDA:12,0,0,1
BRDA:12,0,1,1
BRDA:40,1,0,1
BRDA:40,1,1,1
BRF:4
BRH:4
end_of_record
