TN:
SF:src\index.js
FN:27,(anonymous_0)
FNF:1
FNH:1
FNDA:1,(anonymous_0)
DA:1,1
DA:2,1
DA:3,1
DA:4,1
DA:5,1
DA:6,1
DA:7,1
DA:8,1
DA:9,1
DA:12,1
DA:14,1
DA:19,1
DA:21,1
DA:22,1
DA:23,1
DA:25,1
DA:27,1
LF:17
LH:17
BRDA:3,0,0,1
BRDA:3,0,1,1
BRF:2
BRH:2
end_of_record
TN:
SF:src\db\db.js
FNF:0
FNH:0
DA:14,1
DA:16,1
DA:23,1
LF:3
LH:3
BRF:0
BRH:0
end_of_record
TN:
SF:src\db\tables.js
FN:3,(anonymous_0)
FNF:1
FNH:1
FNDA:1,(anonymous_0)
DA:1,1
DA:3,1
DA:4,1
DA:6,1
DA:16,1
DA:25,1
DA:35,1
DA:46,0
DA:50,1
LF:9
LH:8
BRF:0
BRH:0
end_of_record
TN:
SF:src\routes\dexcomRoutes.js
FN:5,(anonymous_0)
FN:41,(anonymous_1)
FN:65,getDexcomData
FN:108,refreshDexcomToken
FN:145,(anonymous_4)
FN:177,(anonymous_5)
FN:186,(anonymous_6)
FN:201,(anonymous_7)
FNF:8
FNH:0
FNDA:0,(anonymous_0)
FNDA:0,(anonymous_1)
FNDA:0,getDexcomData
FNDA:0,refreshDexcomToken
FNDA:0,(anonymous_4)
FNDA:0,(anonymous_5)
FNDA:0,(anonymous_6)
FNDA:0,(anonymous_7)
DA:1,1
DA:2,1
DA:3,1
DA:5,1
DA:6,0
DA:8,0
DA:15,0
DA:16,0
DA:24,0
DA:26,0
DA:27,0
DA:28,0
DA:32,0
DA:34,0
DA:37,0
DA:41,1
DA:42,0
DA:44,0
DA:46,0
DA:48,0
DA:49,0
DA:50,0
DA:52,0
DA:53,0
DA:55,0
DA:58,0
DA:61,0
DA:67,0
DA:70,0
DA:73,0
DA:76,0
DA:77,0
DA:80,0
DA:81,0
DA:88,0
DA:90,0
DA:92,0
DA:93,0
DA:96,0
DA:99,0
DA:100,0
DA:103,0
DA:109,0
DA:117,0
DA:118,0
DA:126,0
DA:128,0
DA:129,0
DA:131,0
DA:136,0
DA:138,0
DA:141,0
DA:145,1
DA:146,0
DA:148,0
DA:150,0
DA:152,0
DA:153,0
DA:155,0
DA:162,0
DA:164,0
DA:166,0
DA:167,0
DA:170,0
DA:176,0
DA:177,0
DA:182,0
DA:185,0
DA:186,0
DA:191,0
DA:194,0
DA:197,0
DA:201,1
DA:202,0
DA:204,0
DA:205,0
DA:207,0
DA:208,0
DA:210,0
DA:213,0
DA:220,1
LF:81
LH:8
BRDA:27,0,0,0
BRDA:27,0,1,0
BRDA:27,1,0,0
BRDA:27,1,1,0
BRDA:48,2,0,0
BRDA:48,2,1,0
BRDA:52,3,0,0
BRDA:52,3,1,0
BRDA:88,4,0,0
BRDA:88,4,1,0
BRDA:92,5,0,0
BRDA:92,5,1,0
BRDA:129,6,0,0
BRDA:129,6,1,0
BRDA:152,7,0,0
BRDA:152,7,1,0
BRDA:162,8,0,0
BRDA:162,8,1,0
BRDA:166,9,0,0
BRDA:166,9,1,0
BRDA:207,10,0,0
BRDA:207,10,1,0
BRF:22
BRH:0
end_of_record
TN:
SF:src\routes\hueRoutes.js
FNF:0
FNH:0
DA:1,1
DA:2,1
DA:3,1
DA:9,1
LF:4
LH:4
BRF:0
BRH:0
end_of_record
TN:
SF:src\routes\loginRoutes.js
FN:8,(anonymous_0)
FN:16,validateUserInput
FN:49,(anonymous_2)
FN:76,(anonymous_3)
FN:110,(anonymous_4)
FN:132,(anonymous_5)
FN:179,(anonymous_6)
FN:215,(anonymous_7)
FNF:8
FNH:8
FNDA:1,(anonymous_0)
FNDA:31,validateUserInput
FNDA:18,(anonymous_2)
FNDA:2,(anonymous_3)
FNDA:3,(anonymous_4)
FNDA:3,(anonymous_5)
FNDA:3,(anonymous_6)
FNDA:2,(anonymous_7)
DA:1,1
DA:2,1
DA:3,1
DA:4,1
DA:5,1
DA:6,1
DA:8,1
DA:18,31
DA:19,4
DA:22,27
DA:24,27
DA:25,1
DA:28,26
DA:29,0
DA:32,26
DA:33,26
DA:34,26
DA:36,26
DA:49,1
DA:50,18
DA:52,18
DA:53,18
DA:54,17
DA:55,17
DA:56,17
DA:57,17
DA:59,17
DA:60,17
DA:64,17
DA:66,1
DA:67,1
DA:76,1
DA:77,2
DA:79,2
DA:80,2
DA:81,2
DA:82,2
DA:83,2
DA:85,2
DA:86,2
DA:88,2
DA:90,2
DA:91,1
DA:93,1
DA:96,0
DA:99,0
DA:100,0
DA:110,1
DA:111,3
DA:112,3
DA:113,3
DA:114,2
DA:115,2
DA:116,2
DA:117,1
DA:119,1
DA:122,1
DA:132,1
DA:133,3
DA:135,3
DA:136,3
DA:137,2
DA:138,2
DA:139,2
DA:141,1
DA:143,1
DA:147,1
DA:153,1
DA:163,1
DA:166,1
DA:169,1
DA:179,1
DA:180,3
DA:181,3
DA:182,3
DA:183,2
DA:184,2
DA:185,2
DA:190,2
DA:191,1
DA:194,1
DA:195,1
DA:196,1
DA:198,1
DA:199,1
DA:201,0
DA:204,1
DA:207,1
DA:215,1
DA:216,2
DA:218,2
DA:219,2
DA:220,1
DA:221,1
DA:222,1
DA:224,1
DA:229,1
DA:231,1
DA:236,1
LF:99
LH:94
BRDA:18,0,0,4
BRDA:18,0,1,27
BRDA:24,1,0,1
BRDA:24,1,1,26
BRDA:28,2,0,0
BRDA:28,2,1,26
BRDA:85,3,0,2
BRDA:85,3,1,0
BRDA:90,4,0,1
BRDA:90,4,1,1
BRDA:116,5,0,1
BRDA:116,5,1,1
BRDA:139,6,0,1
BRDA:139,6,1,1
BRDA:190,7,0,1
BRDA:190,7,1,1
BRDA:198,8,0,1
BRDA:198,8,1,0
BRF:18
BRH:15
end_of_record
TN:
SF:src\routes\userSettingsRoutes.js
FN:5,(anonymous_0)
FN:22,(anonymous_1)
FNF:2
FNH:0
FNDA:0,(anonymous_0)
FNDA:0,(anonymous_1)
DA:1,1
DA:2,1
DA:3,1
DA:5,1
DA:6,0
DA:8,0
DA:9,0
DA:11,0
DA:12,0
DA:14,0
DA:17,0
DA:18,0
DA:22,1
DA:23,0
DA:24,0
DA:26,0
DA:27,0
DA:32,0
DA:33,0
DA:35,0
DA:38,0
DA:39,0
DA:43,1
LF:23
LH:6
BRDA:11,0,0,0
BRDA:11,0,1,0
BRDA:32,1,0,0
BRDA:32,1,1,0
BRF:4
BRH:0
end_of_record
